[0mCMake Deprecation Warning at CMakeLists.txt:1 (cmake_minimum_required):
  Compatibility with CMake < 3.5 will be removed from a future version of
  CMake.

  Update the VERSION argument <min> value or use a ...<max> suffix to tell
  CMake that the project does not need compatibility with older versions.

[0m
[0mBuild type: Debug[0m
[0mOPENCV VERSION:[0m
[0m4.2.0[0m
[33mCMake Warning at CMakeLists.txt:49 (find_package):
  By not providing "Findrealsense2.cmake" in CMAKE_MODULE_PATH this project
  has asked CMake to find a package configuration file provided by
  "realsense2", but CMake did not find one.

  Could not find a package configuration file provided by "realsense2" with
  any of the following names:

    realsense2Config.cmake
    realsense2-config.cmake

  Add the installation prefix of "realsense2" to CMAKE_PREFIX_PATH or set
  "realsense2_DIR" to a directory containing one of the above files.  If
  "realsense2" provides a separate development package or SDK, be sure it has
  been installed.

[0m
[0mCMake Deprecation Warning at Thirdparty/g2o/CMakeLists.txt:1 (CMAKE_MINIMUM_REQUIRED):
  Compatibility with CMake < 3.5 will be removed from a future version of
  CMake.

  Update the VERSION argument <min> value or use a ...<max> suffix to tell
  CMake that the project does not need compatibility with older versions.

[0m
gmake[2]: *** [Thirdparty/g2o/CMakeFiles/g2o.dir/build.make:174: Thirdparty/g2o/CMakeFiles/g2o.dir/g2o/core/batch_stats.cpp.o] Interrupt
gmake[2]: *** [Thirdparty/g2o/CMakeFiles/g2o.dir/build.make:216: Thirdparty/g2o/CMakeFiles/g2o.dir/g2o/core/optimizable_graph.cpp.o] Interrupt
gmake[2]: *** [Thirdparty/g2o/CMakeFiles/g2o.dir/build.make:230: Thirdparty/g2o/CMakeFiles/g2o.dir/g2o/core/solver.cpp.o] Interrupt
gmake[2]: *** [CMakeFiles/ORB_SLAM3.dir/build.make:90: CMakeFiles/ORB_SLAM3.dir/src/Tracking.cc.o] Interrupt
gmake[2]: *** [CMakeFiles/ORB_SLAM3.dir/build.make:118: CMakeFiles/ORB_SLAM3.dir/src/LoopClosing.cc.o] Interrupt
gmake[2]: *** [CMakeFiles/ORB_SLAM3.dir/build.make:202: CMakeFiles/ORB_SLAM3.dir/src/KeyFrame.cc.o] Interrupt
gmake[2]: *** [CMakeFiles/ORB_SLAM3.dir/build.make:216: CMakeFiles/ORB_SLAM3.dir/src/Atlas.cc.o] Interrupt
gmake[2]: *** [CMakeFiles/ORB_SLAM3.dir/build.make:244: CMakeFiles/ORB_SLAM3.dir/src/MapDrawer.cc.o] Interrupt
gmake[2]: *** [CMakeFiles/ORB_SLAM3.dir/build.make:272: CMakeFiles/ORB_SLAM3.dir/src/Frame.cc.o] Interrupt
gmake[2]: *** [CMakeFiles/ORB_SLAM3.dir/build.make:286: CMakeFiles/ORB_SLAM3.dir/src/KeyFrameDatabase.cc.o] Interrupt
gmake[2]: *** [CMakeFiles/ORB_SLAM3.dir/build.make:300: CMakeFiles/ORB_SLAM3.dir/src/Sim3Solver.cc.o] Interrupt
gmake[2]: *** [CMakeFiles/ORB_SLAM3.dir/build.make:132: CMakeFiles/ORB_SLAM3.dir/src/ORBextractor.cc.o] Interrupt
gmake[2]: *** [CMakeFiles/ORB_SLAM3.dir/build.make:160: CMakeFiles/ORB_SLAM3.dir/src/FrameDrawer.cc.o] Interrupt
gmake[2]: *** [CMakeFiles/ORB_SLAM3.dir/build.make:146: CMakeFiles/ORB_SLAM3.dir/src/ORBmatcher.cc.o] Interrupt
gmake[2]: *** [CMakeFiles/ORB_SLAM3.dir/build.make:188: CMakeFiles/ORB_SLAM3.dir/src/MapPoint.cc.o] Interrupt
gmake[2]: *** [CMakeFiles/ORB_SLAM3.dir/build.make:230: CMakeFiles/ORB_SLAM3.dir/src/Map.cc.o] Interrupt
gmake[2]: *** [CMakeFiles/ORB_SLAM3.dir/build.make:174: CMakeFiles/ORB_SLAM3.dir/src/Converter.cc.o] Interrupt
Traceback (most recent call last):
  File "/usr/local/bin/cmake", line 8, in <module>
gmake[2]: *** [CMakeFiles/ORB_SLAM3.dir/build.make:104: CMakeFiles/ORB_SLAM3.dir/src/LocalMapping.cc.o] Interrupt
gmake[2]: *** [CMakeFiles/ORB_SLAM3.dir/build.make:76: CMakeFiles/ORB_SLAM3.dir/src/System.cc.o] Interrupt
    sys.exit(cmake())
  File "/usr/local/lib/python3.10/dist-packages/cmake/__init__.py", line 51, in cmake
gmake[2]: *** [Thirdparty/g2o/CMakeFiles/g2o.dir/build.make:90: Thirdparty/g2o/CMakeFiles/g2o.dir/g2o/types/types_six_dof_expmap.cpp.o] Interrupt
gmake[2]: *** [Thirdparty/g2o/CMakeFiles/g2o.dir/build.make:146: Thirdparty/g2o/CMakeFiles/g2o.dir/g2o/core/marginal_covariance_cholesky.cpp.o] Interrupt
gmake[2]: *** [Thirdparty/g2o/CMakeFiles/g2o.dir/build.make:132: Thirdparty/g2o/CMakeFiles/g2o.dir/g2o/core/hyper_graph.cpp.o] Interrupt
gmake[2]: *** [Thirdparty/g2o/CMakeFiles/g2o.dir/build.make:188: Thirdparty/g2o/CMakeFiles/g2o.dir/g2o/core/parameter.cpp.o] Interrupt
gmake[2]: *** [Thirdparty/g2o/CMakeFiles/g2o.dir/build.make:244: Thirdparty/g2o/CMakeFiles/g2o.dir/g2o/core/optimization_algorithm_factory.cpp.o] Interrupt
gmake[2]: *** [Thirdparty/g2o/CMakeFiles/g2o.dir/build.make:272: Thirdparty/g2o/CMakeFiles/g2o.dir/g2o/core/factory.cpp.o] Interrupt
    raise SystemExit(_program('cmake', sys.argv[1:]))
  File "/usr/local/lib/python3.10/dist-packages/cmake/__init__.py", line 47, in _program
    return subprocess.call([os.path.join(CMAKE_BIN_DIR, name), *args], close_fds=False)
  File "/usr/lib/python3.10/subprocess.py", line 347, in call
gmake[2]: *** [Thirdparty/g2o/CMakeFiles/g2o.dir/build.make:76: Thirdparty/g2o/CMakeFiles/g2o.dir/g2o/types/types_sba.cpp.o] Interrupt
    return p.wait(timeout=timeout)
  File "/usr/lib/python3.10/subprocess.py", line 1209, in wait
gmake[2]: *** [Thirdparty/g2o/CMakeFiles/g2o.dir/build.make:258: Thirdparty/g2o/CMakeFiles/g2o.dir/g2o/core/estimate_propagator.cpp.o] Interrupt
gmake[2]: *** [Thirdparty/g2o/CMakeFiles/g2o.dir/build.make:202: Thirdparty/g2o/CMakeFiles/g2o.dir/g2o/core/cache.cpp.o] Interrupt
gmake[2]: *** [Thirdparty/g2o/CMakeFiles/g2o.dir/build.make:104: Thirdparty/g2o/CMakeFiles/g2o.dir/g2o/types/types_seven_dof_expmap.cpp.o] Interrupt
    return self._wait(timeout=timeout)
  File "/usr/lib/python3.10/subprocess.py", line 1959, in _wait
gmake[2]: *** [CMakeFiles/ORB_SLAM3.dir/build.make:258: CMakeFiles/ORB_SLAM3.dir/src/Optimizer.cc.o] Interrupt
gmake[2]: *** [Thirdparty/g2o/CMakeFiles/g2o.dir/build.make:118: Thirdparty/g2o/CMakeFiles/g2o.dir/g2o/core/hyper_graph_action.cpp.o] Interrupt
gmake[2]: *** [Thirdparty/g2o/CMakeFiles/g2o.dir/build.make:160: Thirdparty/g2o/CMakeFiles/g2o.dir/g2o/core/matrix_structure.cpp.o] Interrupt
gmake[1]: *** [CMakeFiles/Makefile2:100: CMakeFiles/ORB_SLAM3.dir/all] Interrupt
gmake[1]: *** [CMakeFiles/Makefile2:126: Thirdparty/g2o/CMakeFiles/g2o.dir/all] Interrupt
    (pid, sts) = self._try_wait(0)
  File "/usr/lib/python3.10/subprocess.py", line 1917, in _try_wait
gmake: *** [Makefile:91: all] Interrupt
    (pid, sts) = os.waitpid(self.pid, wait_flags)
KeyboardInterrupt
