-- The C compiler identification is GNU 8.4.0
-- The CXX compiler identification is GNU 8.4.0
-- Detecting C compiler ABI info
-- Detecting C compiler ABI info - done
-- Check for working C compiler: /usr/bin/cc - skipped
-- Detecting C compile features
-- Detecting C compile features - done
-- Detecting CXX compiler ABI info
-- Detecting CXX compiler ABI info - done
-- Check for working CXX compiler: /usr/bin/c++ - skipped
-- Detecting CXX compile features
-- Detecting CXX compile features - done
-- Performing Test COMPILER_SUPPORTS_CXX11
-- Performing Test COMPILER_SUPPORTS_CXX11 - Success
-- Performing Test COMPILER_SUPPORTS_CXX0X
-- Performing Test COMPILER_SUPPORTS_CXX0X - Success
-- Using flag -std=c++14.
-- Found OpenCV: /usr/local (found suitable version "4.2.0", minimum required is "4.2")
-- Performing Test CMAKE_HAVE_LIBC_PTHREAD
-- Performing Test CMAKE_HAVE_LIBC_PTHREAD - Success
-- Found Threads: TRUE
-- BUILD TYPE:Debug
-- Compiling on Unix
-- Found OpenMP_C: -fopenmp (found version "4.5")
-- Found OpenMP_CXX: -fopenmp (found version "4.5")
-- Found OpenMP: TRUE (found version "4.5")
-- Configuring done (0.6s)
-- Generating done (0.0s)
-- Build files have been written to: /root/ORB_SLAM3-dev/build/ORB_SLAM3
[  3%] [32mBuilding CXX object Thirdparty/g2o/CMakeFiles/g2o.dir/g2o/types/types_sba.cpp.o[0m
[  3%] [32mBuilding CXX object CMakeFiles/ORB_SLAM3.dir/src/System.cc.o[0m
[  5%] [32mBuilding CXX object Thirdparty/g2o/CMakeFiles/g2o.dir/g2o/types/types_six_dof_expmap.cpp.o[0m
[  6%] [32mBuilding CXX object CMakeFiles/ORB_SLAM3.dir/src/Tracking.cc.o[0m
[ 10%] [32mBuilding CXX object CMakeFiles/ORB_SLAM3.dir/src/LocalMapping.cc.o[0m
[ 10%] [32mBuilding CXX object Thirdparty/g2o/CMakeFiles/g2o.dir/g2o/types/types_seven_dof_expmap.cpp.o[0m
[ 13%] [32mBuilding CXX object Thirdparty/g2o/CMakeFiles/g2o.dir/g2o/core/hyper_graph_action.cpp.o[0m
[ 13%] [32mBuilding CXX object CMakeFiles/ORB_SLAM3.dir/src/LoopClosing.cc.o[0m
[ 15%] [32mBuilding CXX object CMakeFiles/ORB_SLAM3.dir/src/ORBextractor.cc.o[0m
[ 16%] [32mBuilding CXX object Thirdparty/g2o/CMakeFiles/g2o.dir/g2o/core/hyper_graph.cpp.o[0m
[ 18%] [32mBuilding CXX object Thirdparty/g2o/CMakeFiles/g2o.dir/g2o/core/marginal_covariance_cholesky.cpp.o[0m
[ 20%] [32mBuilding CXX object CMakeFiles/ORB_SLAM3.dir/src/FrameDrawer.cc.o[0m
[ 21%] [32mBuilding CXX object Thirdparty/g2o/CMakeFiles/g2o.dir/g2o/core/matrix_structure.cpp.o[0m
[ 23%] [32mBuilding CXX object CMakeFiles/ORB_SLAM3.dir/src/ORBmatcher.cc.o[0m
[ 25%] [32mBuilding CXX object CMakeFiles/ORB_SLAM3.dir/src/MapPoint.cc.o[0m
[ 26%] [32mBuilding CXX object CMakeFiles/ORB_SLAM3.dir/src/Atlas.cc.o[0m
[ 28%] [32mBuilding CXX object CMakeFiles/ORB_SLAM3.dir/src/KeyFrame.cc.o[0m
[ 30%] [32mBuilding CXX object CMakeFiles/ORB_SLAM3.dir/src/Converter.cc.o[0m
[ 33%] [32mBuilding CXX object Thirdparty/g2o/CMakeFiles/g2o.dir/g2o/core/parameter.cpp.o[0m
[ 33%] [32mBuilding CXX object Thirdparty/g2o/CMakeFiles/g2o.dir/g2o/core/batch_stats.cpp.o[0m
[ 35%] [32mBuilding CXX object CMakeFiles/ORB_SLAM3.dir/src/Map.cc.o[0m
[ 36%] [32mBuilding CXX object Thirdparty/g2o/CMakeFiles/g2o.dir/g2o/core/cache.cpp.o[0m
[ 38%] [32mBuilding CXX object Thirdparty/g2o/CMakeFiles/g2o.dir/g2o/core/optimizable_graph.cpp.o[0m
[ 41%] [32mBuilding CXX object CMakeFiles/ORB_SLAM3.dir/src/MapDrawer.cc.o[0m
[ 41%] [32mBuilding CXX object Thirdparty/g2o/CMakeFiles/g2o.dir/g2o/core/solver.cpp.o[0m
[ 45%] [32mBuilding CXX object CMakeFiles/ORB_SLAM3.dir/src/Optimizer.cc.o[0m
[ 45%] [32mBuilding CXX object Thirdparty/g2o/CMakeFiles/g2o.dir/g2o/core/optimization_algorithm_factory.cpp.o[0m
[ 46%] [32mBuilding CXX object CMakeFiles/ORB_SLAM3.dir/src/Frame.cc.o[0m
[ 48%] [32mBuilding CXX object Thirdparty/g2o/CMakeFiles/g2o.dir/g2o/core/estimate_propagator.cpp.o[0m
[ 50%] [32mBuilding CXX object CMakeFiles/ORB_SLAM3.dir/src/KeyFrameDatabase.cc.o[0m
[ 51%] [32mBuilding CXX object Thirdparty/g2o/CMakeFiles/g2o.dir/g2o/core/factory.cpp.o[0m
[ 53%] [32mBuilding CXX object CMakeFiles/ORB_SLAM3.dir/src/Sim3Solver.cc.o[0m
