[0.008s] Invoking command in '/root/ORB_SLAM3-dev/build/ORB_SLAM3': /usr/local/bin/cmake /root/ORB_SLAM3-dev -DCMAKE_INSTALL_PREFIX=/root/ORB_SLAM3-dev/install/ORB_SLAM3
[0.052s] [0mCMake Deprecation Warning at CMakeLists.txt:1 (cmake_minimum_required):
[0.052s]   Compatibility with CMake < 3.5 will be removed from a future version of
[0.052s]   CMake.
[0.052s] 
[0.052s]   Update the VERSION argument <min> value or use a ...<max> suffix to tell
[0.052s]   CMake that the project does not need compatibility with older versions.
[0.052s] 
[0.052s] [0m
[0.112s] -- The C compiler identification is GNU 8.4.0
[0.155s] -- The CXX compiler identification is GNU 8.4.0
[0.163s] -- Detecting C compiler ABI info
[0.200s] -- Detecting C compiler ABI info - done
[0.212s] -- Check for working C compiler: /usr/bin/cc - skipped
[0.212s] -- Detecting C compile features
[0.213s] -- Detecting C compile features - done
[0.216s] -- Detecting CXX compiler ABI info
[0.259s] -- Detecting CXX compiler ABI info - done
[0.270s] -- Check for working CXX compiler: /usr/bin/c++ - skipped
[0.270s] -- Detecting CXX compile features
[0.271s] -- Detecting CXX compile features - done
[0.271s] [0mBuild type: Debug[0m
[0.272s] -- Performing Test COMPILER_SUPPORTS_CXX11
[0.316s] -- Performing Test COMPILER_SUPPORTS_CXX11 - Success
[0.317s] -- Performing Test COMPILER_SUPPORTS_CXX0X
[0.361s] -- Performing Test COMPILER_SUPPORTS_CXX0X - Success
[0.361s] -- Using flag -std=c++14.
[0.368s] [0mOPENCV VERSION:[0m
[0.368s] [0m4.2.0[0m
[0.368s] -- Found OpenCV: /usr/local (found suitable version "4.2.0", minimum required is "4.2")
[0.376s] -- Performing Test CMAKE_HAVE_LIBC_PTHREAD
[0.424s] -- Performing Test CMAKE_HAVE_LIBC_PTHREAD - Success
[0.425s] -- Found Threads: TRUE
[0.432s] [33mCMake Warning at CMakeLists.txt:49 (find_package):
[0.432s]   By not providing "Findrealsense2.cmake" in CMAKE_MODULE_PATH this project
[0.432s]   has asked CMake to find a package configuration file provided by
[0.432s]   "realsense2", but CMake did not find one.
[0.432s] 
[0.432s]   Could not find a package configuration file provided by "realsense2" with
[0.432s]   any of the following names:
[0.432s] 
[0.432s]     realsense2Config.cmake
[0.432s]     realsense2-config.cmake
[0.432s] 
[0.432s]   Add the installation prefix of "realsense2" to CMAKE_PREFIX_PATH or set
[0.432s]   "realsense2_DIR" to a directory containing one of the above files.  If
[0.432s]   "realsense2" provides a separate development package or SDK, be sure it has
[0.432s]   been installed.
[0.432s] 
[0.432s] [0m
[0.433s] [0mCMake Deprecation Warning at Thirdparty/g2o/CMakeLists.txt:1 (CMAKE_MINIMUM_REQUIRED):
[0.433s]   Compatibility with CMake < 3.5 will be removed from a future version of
[0.433s]   CMake.
[0.433s] 
[0.433s]   Update the VERSION argument <min> value or use a ...<max> suffix to tell
[0.433s]   CMake that the project does not need compatibility with older versions.
[0.433s] 
[0.433s] [0m
[0.433s] -- BUILD TYPE:Debug
[0.433s] -- Compiling on Unix
[0.574s] -- Found OpenMP_C: -fopenmp (found version "4.5")
[0.622s] -- Found OpenMP_CXX: -fopenmp (found version "4.5")
[0.623s] -- Found OpenMP: TRUE (found version "4.5")
[0.624s] -- Configuring done (0.6s)
[0.635s] -- Generating done (0.0s)
[0.635s] -- Build files have been written to: /root/ORB_SLAM3-dev/build/ORB_SLAM3
[0.646s] Invoked command in '/root/ORB_SLAM3-dev/build/ORB_SLAM3' returned '0': /usr/local/bin/cmake /root/ORB_SLAM3-dev -DCMAKE_INSTALL_PREFIX=/root/ORB_SLAM3-dev/install/ORB_SLAM3
[0.647s] Invoking command in '/root/ORB_SLAM3-dev/build/ORB_SLAM3': /usr/local/bin/cmake --build /root/ORB_SLAM3-dev/build/ORB_SLAM3 -- -j32 -l32
[0.706s] [  3%] [32mBuilding CXX object Thirdparty/g2o/CMakeFiles/g2o.dir/g2o/types/types_sba.cpp.o[0m
[0.706s] [  3%] [32mBuilding CXX object CMakeFiles/ORB_SLAM3.dir/src/System.cc.o[0m
[0.706s] [  5%] [32mBuilding CXX object Thirdparty/g2o/CMakeFiles/g2o.dir/g2o/types/types_six_dof_expmap.cpp.o[0m
[0.706s] [  6%] [32mBuilding CXX object CMakeFiles/ORB_SLAM3.dir/src/Tracking.cc.o[0m
[0.707s] [ 10%] [32mBuilding CXX object CMakeFiles/ORB_SLAM3.dir/src/LocalMapping.cc.o[0m
[0.707s] [ 10%] [32mBuilding CXX object Thirdparty/g2o/CMakeFiles/g2o.dir/g2o/types/types_seven_dof_expmap.cpp.o[0m
[0.707s] [ 13%] [32mBuilding CXX object Thirdparty/g2o/CMakeFiles/g2o.dir/g2o/core/hyper_graph_action.cpp.o[0m
[0.707s] [ 13%] [32mBuilding CXX object CMakeFiles/ORB_SLAM3.dir/src/LoopClosing.cc.o[0m
[0.707s] [ 15%] [32mBuilding CXX object CMakeFiles/ORB_SLAM3.dir/src/ORBextractor.cc.o[0m
[0.708s] [ 16%] [32mBuilding CXX object Thirdparty/g2o/CMakeFiles/g2o.dir/g2o/core/hyper_graph.cpp.o[0m
[0.708s] [ 18%] [32mBuilding CXX object Thirdparty/g2o/CMakeFiles/g2o.dir/g2o/core/marginal_covariance_cholesky.cpp.o[0m
[0.708s] [ 20%] [32mBuilding CXX object CMakeFiles/ORB_SLAM3.dir/src/FrameDrawer.cc.o[0m
[0.708s] [ 21%] [32mBuilding CXX object Thirdparty/g2o/CMakeFiles/g2o.dir/g2o/core/matrix_structure.cpp.o[0m
[0.708s] [ 23%] [32mBuilding CXX object CMakeFiles/ORB_SLAM3.dir/src/ORBmatcher.cc.o[0m
[0.708s] [ 25%] [32mBuilding CXX object CMakeFiles/ORB_SLAM3.dir/src/MapPoint.cc.o[0m
[0.708s] [ 26%] [32mBuilding CXX object CMakeFiles/ORB_SLAM3.dir/src/Atlas.cc.o[0m
[0.708s] [ 28%] [32mBuilding CXX object CMakeFiles/ORB_SLAM3.dir/src/KeyFrame.cc.o[0m
[0.708s] [ 30%] [32mBuilding CXX object CMakeFiles/ORB_SLAM3.dir/src/Converter.cc.o[0m
[0.708s] [ 33%] [32mBuilding CXX object Thirdparty/g2o/CMakeFiles/g2o.dir/g2o/core/parameter.cpp.o[0m
[0.708s] [ 33%] [32mBuilding CXX object Thirdparty/g2o/CMakeFiles/g2o.dir/g2o/core/batch_stats.cpp.o[0m
[0.709s] [ 35%] [32mBuilding CXX object CMakeFiles/ORB_SLAM3.dir/src/Map.cc.o[0m
[0.709s] [ 36%] [32mBuilding CXX object Thirdparty/g2o/CMakeFiles/g2o.dir/g2o/core/cache.cpp.o[0m
[0.709s] [ 38%] [32mBuilding CXX object Thirdparty/g2o/CMakeFiles/g2o.dir/g2o/core/optimizable_graph.cpp.o[0m
[0.709s] [ 41%] [32mBuilding CXX object CMakeFiles/ORB_SLAM3.dir/src/MapDrawer.cc.o[0m
[0.709s] [ 41%] [32mBuilding CXX object Thirdparty/g2o/CMakeFiles/g2o.dir/g2o/core/solver.cpp.o[0m
[0.709s] [ 45%] [32mBuilding CXX object CMakeFiles/ORB_SLAM3.dir/src/Optimizer.cc.o[0m
[0.709s] [ 45%] [32mBuilding CXX object Thirdparty/g2o/CMakeFiles/g2o.dir/g2o/core/optimization_algorithm_factory.cpp.o[0m
[0.709s] [ 46%] [32mBuilding CXX object CMakeFiles/ORB_SLAM3.dir/src/Frame.cc.o[0m
[0.709s] [ 48%] [32mBuilding CXX object Thirdparty/g2o/CMakeFiles/g2o.dir/g2o/core/estimate_propagator.cpp.o[0m
[0.710s] [ 50%] [32mBuilding CXX object CMakeFiles/ORB_SLAM3.dir/src/KeyFrameDatabase.cc.o[0m
[0.711s] [ 51%] [32mBuilding CXX object Thirdparty/g2o/CMakeFiles/g2o.dir/g2o/core/factory.cpp.o[0m
[0.711s] [ 53%] [32mBuilding CXX object CMakeFiles/ORB_SLAM3.dir/src/Sim3Solver.cc.o[0m
[0.746s] gmake[2]: *** [Thirdparty/g2o/CMakeFiles/g2o.dir/build.make:174: Thirdparty/g2o/CMakeFiles/g2o.dir/g2o/core/batch_stats.cpp.o] Interrupt
[0.746s] gmake[2]: *** [Thirdparty/g2o/CMakeFiles/g2o.dir/build.make:216: Thirdparty/g2o/CMakeFiles/g2o.dir/g2o/core/optimizable_graph.cpp.o] Interrupt
[0.746s] gmake[2]: *** [Thirdparty/g2o/CMakeFiles/g2o.dir/build.make:230: Thirdparty/g2o/CMakeFiles/g2o.dir/g2o/core/solver.cpp.o] Interrupt
[0.746s] gmake[2]: *** [CMakeFiles/ORB_SLAM3.dir/build.make:90: CMakeFiles/ORB_SLAM3.dir/src/Tracking.cc.o] Interrupt
[0.746s] gmake[2]: *** [CMakeFiles/ORB_SLAM3.dir/build.make:118: CMakeFiles/ORB_SLAM3.dir/src/LoopClosing.cc.o] Interrupt
[0.746s] gmake[2]: *** [CMakeFiles/ORB_SLAM3.dir/build.make:202: CMakeFiles/ORB_SLAM3.dir/src/KeyFrame.cc.o] Interrupt
[0.746s] gmake[2]: *** [CMakeFiles/ORB_SLAM3.dir/build.make:216: CMakeFiles/ORB_SLAM3.dir/src/Atlas.cc.o] Interrupt
[0.746s] gmake[2]: *** [CMakeFiles/ORB_SLAM3.dir/build.make:244: CMakeFiles/ORB_SLAM3.dir/src/MapDrawer.cc.o] Interrupt
[0.746s] gmake[2]: *** [CMakeFiles/ORB_SLAM3.dir/build.make:272: CMakeFiles/ORB_SLAM3.dir/src/Frame.cc.o] Interrupt
[0.746s] gmake[2]: *** [CMakeFiles/ORB_SLAM3.dir/build.make:286: CMakeFiles/ORB_SLAM3.dir/src/KeyFrameDatabase.cc.o] Interrupt
[0.746s] gmake[2]: *** [CMakeFiles/ORB_SLAM3.dir/build.make:300: CMakeFiles/ORB_SLAM3.dir/src/Sim3Solver.cc.o] Interrupt
[0.746s] gmake[2]: *** [CMakeFiles/ORB_SLAM3.dir/build.make:132: CMakeFiles/ORB_SLAM3.dir/src/ORBextractor.cc.o] Interrupt
[0.746s] gmake[2]: *** [CMakeFiles/ORB_SLAM3.dir/build.make:160: CMakeFiles/ORB_SLAM3.dir/src/FrameDrawer.cc.o] Interrupt
[0.746s] gmake[2]: *** [CMakeFiles/ORB_SLAM3.dir/build.make:146: CMakeFiles/ORB_SLAM3.dir/src/ORBmatcher.cc.o] Interrupt
[0.746s] gmake[2]: *** [CMakeFiles/ORB_SLAM3.dir/build.make:188: CMakeFiles/ORB_SLAM3.dir/src/MapPoint.cc.o] Interrupt
[0.746s] gmake[2]: *** [CMakeFiles/ORB_SLAM3.dir/build.make:230: CMakeFiles/ORB_SLAM3.dir/src/Map.cc.o] Interrupt
[0.746s] gmake[2]: *** [CMakeFiles/ORB_SLAM3.dir/build.make:174: CMakeFiles/ORB_SLAM3.dir/src/Converter.cc.o] Interrupt
[0.746s] Traceback (most recent call last):
[0.746s]   File "/usr/local/bin/cmake", line 8, in <module>
[0.746s] gmake[2]: *** [CMakeFiles/ORB_SLAM3.dir/build.make:104: CMakeFiles/ORB_SLAM3.dir/src/LocalMapping.cc.o] Interrupt
[0.746s] gmake[2]: *** [CMakeFiles/ORB_SLAM3.dir/build.make:76: CMakeFiles/ORB_SLAM3.dir/src/System.cc.o] Interrupt
[0.746s]     sys.exit(cmake())
[0.746s]   File "/usr/local/lib/python3.10/dist-packages/cmake/__init__.py", line 51, in cmake
[0.747s] gmake[2]: *** [Thirdparty/g2o/CMakeFiles/g2o.dir/build.make:90: Thirdparty/g2o/CMakeFiles/g2o.dir/g2o/types/types_six_dof_expmap.cpp.o] Interrupt
[0.747s] gmake[2]: *** [Thirdparty/g2o/CMakeFiles/g2o.dir/build.make:146: Thirdparty/g2o/CMakeFiles/g2o.dir/g2o/core/marginal_covariance_cholesky.cpp.o] Interrupt
[0.747s] gmake[2]: *** [Thirdparty/g2o/CMakeFiles/g2o.dir/build.make:132: Thirdparty/g2o/CMakeFiles/g2o.dir/g2o/core/hyper_graph.cpp.o] Interrupt
[0.747s] gmake[2]: *** [Thirdparty/g2o/CMakeFiles/g2o.dir/build.make:188: Thirdparty/g2o/CMakeFiles/g2o.dir/g2o/core/parameter.cpp.o] Interrupt
[0.747s] gmake[2]: *** [Thirdparty/g2o/CMakeFiles/g2o.dir/build.make:244: Thirdparty/g2o/CMakeFiles/g2o.dir/g2o/core/optimization_algorithm_factory.cpp.o] Interrupt
[0.747s] gmake[2]: *** [Thirdparty/g2o/CMakeFiles/g2o.dir/build.make:272: Thirdparty/g2o/CMakeFiles/g2o.dir/g2o/core/factory.cpp.o] Interrupt
[0.747s]     raise SystemExit(_program('cmake', sys.argv[1:]))
[0.747s]   File "/usr/local/lib/python3.10/dist-packages/cmake/__init__.py", line 47, in _program
[0.747s]     return subprocess.call([os.path.join(CMAKE_BIN_DIR, name), *args], close_fds=False)
[0.747s]   File "/usr/lib/python3.10/subprocess.py", line 347, in call
[0.747s] gmake[2]: *** [Thirdparty/g2o/CMakeFiles/g2o.dir/build.make:76: Thirdparty/g2o/CMakeFiles/g2o.dir/g2o/types/types_sba.cpp.o] Interrupt
[0.747s]     return p.wait(timeout=timeout)
[0.747s]   File "/usr/lib/python3.10/subprocess.py", line 1209, in wait
[0.747s] gmake[2]: *** [Thirdparty/g2o/CMakeFiles/g2o.dir/build.make:258: Thirdparty/g2o/CMakeFiles/g2o.dir/g2o/core/estimate_propagator.cpp.o] Interrupt
[0.747s] gmake[2]: *** [Thirdparty/g2o/CMakeFiles/g2o.dir/build.make:202: Thirdparty/g2o/CMakeFiles/g2o.dir/g2o/core/cache.cpp.o] Interrupt
[0.747s] gmake[2]: *** [Thirdparty/g2o/CMakeFiles/g2o.dir/build.make:104: Thirdparty/g2o/CMakeFiles/g2o.dir/g2o/types/types_seven_dof_expmap.cpp.o] Interrupt
[0.747s]     return self._wait(timeout=timeout)
[0.747s]   File "/usr/lib/python3.10/subprocess.py", line 1959, in _wait
[0.747s] gmake[2]: *** [CMakeFiles/ORB_SLAM3.dir/build.make:258: CMakeFiles/ORB_SLAM3.dir/src/Optimizer.cc.o] Interrupt
[0.747s] gmake[2]: *** [Thirdparty/g2o/CMakeFiles/g2o.dir/build.make:118: Thirdparty/g2o/CMakeFiles/g2o.dir/g2o/core/hyper_graph_action.cpp.o] Interrupt
[0.747s] gmake[2]: *** [Thirdparty/g2o/CMakeFiles/g2o.dir/build.make:160: Thirdparty/g2o/CMakeFiles/g2o.dir/g2o/core/matrix_structure.cpp.o] Interrupt
[0.747s] gmake[1]: *** [CMakeFiles/Makefile2:100: CMakeFiles/ORB_SLAM3.dir/all] Interrupt
[0.747s] gmake[1]: *** [CMakeFiles/Makefile2:126: Thirdparty/g2o/CMakeFiles/g2o.dir/all] Interrupt
[0.747s]     (pid, sts) = self._try_wait(0)
[0.747s]   File "/usr/lib/python3.10/subprocess.py", line 1917, in _try_wait
[0.747s] gmake: *** [Makefile:91: all] Interrupt
[0.747s]     (pid, sts) = os.waitpid(self.pid, wait_flags)
[0.747s] KeyboardInterrupt
[0.754s] Invoked command in '/root/ORB_SLAM3-dev/build/ORB_SLAM3' returned '-2': /usr/local/bin/cmake --build /root/ORB_SLAM3-dev/build/ORB_SLAM3 -- -j32 -l32
